  1.921216231369022E-012
  1.425415778770248E-011
 -1.700274359002835E-012
  2.424190101903850E-013
  1.409006399247088E-010
 -8.141241048229398E-011
  7.622050129242642E-013
  2.823687237217612E-011
 -1.103230433747965E-012
 -4.723353802936827E-013
  1.443305983135162E-010
 -8.755473241674543E-011
  4.040620417139825E-012
  1.142526570947930E-011
  1.776610423823936E-012
 -5.504424853875208E-013
  1.377930989040302E-010
 -8.599323605817146E-011
  5.234440844954658E-011
  2.724874558819203E-012
  3.113487027493139E-012
  7.610219970256453E-013
  1.252657179784613E-010
 -1.053463895148724E-010
  6.521486086089372E-011
 -6.004486487950209E-012
  4.225008463464917E-012
  4.984318469370102E-012
  2.116678890381372E-010
 -9.087436362175536E-011
 -2.874794504088738E-008
  4.298977004510032E-009
  1.294339104213442E-009
  1.190570175333367E-009
 -1.792868499306292E-012
 -8.103284750822903E-012
  5.989037636820080E-007
 -3.037200416841707E-008
 -4.803415052064381E-009
 -2.161188980164313E-008
 -4.709936204305203E-012
  6.983150723102900E-012
  2.390972867744686E-006
 -4.506184205307039E-008
 -3.881807252784512E-008
 -2.501365344648846E-008
 -9.417058695928397E-012
  3.724366788027117E-010
  2.860708269258208E-012
  5.881195423819029E-012
  4.875226915629483E-013
  2.089137256040141E-012
  1.409594736425357E-010
 -8.688730960114963E-011
  5.689871084800445E-016
  7.082226277513312E-011
 -9.877616013061123E-008
  0.000000000000000E+000
  4.440892098500626E-016
  8.881784197001252E-016
  4.440892098500626E-016
  8.881784197001252E-016
  4.440892098500626E-016
  0.000000000000000E+000
  1.110223024625157E-016
  2.220446049250313E-016
  2.220446049250313E-016
  2.220446049250313E-016
  8.881784197001252E-016
  4.440892098500626E-016
  2.220446049250313E-016
  2.220446049250313E-016
 -1.109045928552797E-002
  3.092486211509309E-002
 -4.689557099364368E-002
 -0.111229893333355     
 -4.257319221427877E-002
  4.440892098500626E-016
  4.440892098500626E-016
  1.332267629550188E-015
  0.000000000000000E+000
  1.110223024625157E-016
  8.881784197001252E-016
  4.440892098500626E-016
  4.440892098500626E-016
  4.440892098500626E-016
  0.000000000000000E+000
  2.220446049250313E-016
  4.440892098500626E-016
  4.440892098500626E-016
  0.210328278185799     
  1.776356839400250E-015
 -4.440892098500626E-016
  0.000000000000000E+000
  4.440892098500626E-016
  0.000000000000000E+000
  2.220446049250313E-016
  8.881784197001252E-016
 -4.440892098500626E-016
  0.000000000000000E+000
 -0.244014522110815     
  8.881784197001252E-016
  2.220446049250313E-016
  4.440892098500626E-016
  8.881784197001252E-016
  2.220446049250313E-016
  4.440892098500626E-016
  4.440892098500626E-016
  2.220446049250313E-016
  0.000000000000000E+000
  6.661338147750939E-016
  2.220446049250313E-016
  4.440892098500626E-016
  2.220446049250313E-016
 -5.441604513265969E-002
  0.000000000000000E+000
  0.000000000000000E+000
 -0.359243471357648     
  8.881784197001252E-016
  2.220446049250313E-016
  2.220446049250313E-016
  4.440892098500626E-016
  4.440892098500626E-016
 -8.881784197001252E-016
 -9.039035623763855E-002
  0.000000000000000E+000
  8.881784197001252E-016
  0.000000000000000E+000
  4.440892098500626E-016
  4.440892098500626E-016
  2.220446049250313E-016
  1.332267629550188E-015
  1.332267629550188E-015
  2.220446049250313E-016
 -0.143620689176382     
  0.000000000000000E+000
  8.881784197001252E-016
  2.220446049250313E-016
 -4.440892098500626E-016
   1.32350053780938     
  0.000000000000000E+000
  0.000000000000000E+000
  3.330669073875470E-016
  1.467562998485309E-007
  4.440892098500626E-016
  6.661338147750939E-016
  8.881784197001252E-016
  2.220446049250313E-016
  1.110223024625157E-016
 -1.110223024625157E-016
  0.000000000000000E+000
 -0.285114780726418     
  0.000000000000000E+000
 -4.933892114635124E-002
  1.332267629550188E-015
  8.881784197001252E-016
  4.440892098500626E-016
  3.330669073875470E-016
  4.440892098500626E-016
  4.440892098500626E-016
  4.440892098500626E-016
  2.220446049250313E-016
  4.440892098500626E-016
  4.440892098500626E-016
  0.000000000000000E+000
  1.776356839400250E-015
  1.776356839400250E-015
  6.661338147750939E-016
  6.661338147750939E-016
 -0.184041366626223     
  0.000000000000000E+000
  0.000000000000000E+000
  0.000000000000000E+000
  0.000000000000000E+000
  4.440892098500626E-016
  8.881784197001252E-016
  4.440892098500626E-016
  2.220446049250313E-016
  4.440892098500626E-016
 -0.227553676797047     
  4.440892098500626E-016
  5.531820272287084E-002
  8.881784197001252E-016
  2.220446049250313E-016
  0.000000000000000E+000
  8.881784197001252E-016
 -1.110223024625157E-016
  4.440892098500626E-016
  0.113029910943715     
  2.220446049250313E-016
  8.881784197001252E-016
  0.000000000000000E+000
  2.220446049250313E-016
  2.664535259100376E-015
  2.220446049250313E-016
  6.661338147750939E-016
  4.440892098500626E-016
  8.881784197001252E-016
  0.000000000000000E+000
  2.220446049250313E-016
  6.661338147750939E-016
 -2.220446049250313E-016
  0.000000000000000E+000
  3.309827678837465E-002
  0.144347066141063     
  3.330669073875470E-016
  8.881784197001252E-016
  8.881784197001252E-016
 -1.110223024625157E-016
 -0.240990240794901     
  4.440892098500626E-016
  0.000000000000000E+000
  4.440892098500626E-016
  5.551115123125783E-017
  3.330669073875470E-016
  0.000000000000000E+000
  0.000000000000000E+000
 -0.291180218826302     
  5.551115123125783E-017
  4.440892098500626E-016
  4.440892098500626E-016
  4.440892098500626E-016
  0.000000000000000E+000
 -4.440892098500626E-016
 -4.440892098500626E-016
  4.440892098500626E-016
  4.440892098500626E-016
  4.440892098500626E-016
  0.123171523894798     
  0.000000000000000E+000
  4.440892098500626E-016
  1.110223024625157E-016
  4.440892098500626E-016
  0.000000000000000E+000
  4.440892098500626E-016
  0.567734292329189     
  4.440892098500626E-016
 -4.440892098500626E-016
  2.220446049250313E-016
 -4.440892098500626E-016
  0.647477079096499     
 -1.110223024625157E-016
 -8.881784197001252E-016
  2.220446049250313E-016
 -4.440892098500626E-016
  0.000000000000000E+000
  0.000000000000000E+000
  4.440892098500626E-016
  8.881784197001252E-016
  2.220446049250313E-016
  2.220446049250313E-016
  2.220446049250313E-016
 -4.440892098500626E-016
  8.881784197001252E-016
  8.881784197001252E-016
  2.220446049250313E-016
  4.440892098500626E-016
 -4.440892098500626E-016
  0.000000000000000E+000
 -5.190973798236174E-002
  1.110223024625157E-016
  2.220446049250313E-016
  4.440892098500626E-016
  4.440892098500626E-016
  4.440892098500626E-016
  0.000000000000000E+000
  0.000000000000000E+000
  6.661338147750939E-016
  8.881784197001252E-016
  4.440892098500626E-016
  6.661338147750939E-016
  1.110223024625157E-016
 -1.110223024625157E-016
  4.440892098500626E-016
  4.440892098500626E-016
  0.000000000000000E+000
  6.661338147750939E-016
  2.220446049250313E-016
  8.881784197001252E-016
 -7.823557603693360E-002
  0.000000000000000E+000
  4.440892098500626E-016
 -2.220446049250313E-016
  0.108741106376488     
 -0.144065156363603     
  0.000000000000000E+000
  8.881784197001252E-016
  8.881784197001252E-016
  6.661338147750939E-016
  0.171415578035414     
  0.000000000000000E+000
  1.332267629550188E-015
  4.440892098500626E-016
 -2.220446049250313E-016
  2.220446049250313E-016
  1.776356839400250E-015
  4.440892098500626E-016
 -4.440892098500626E-016
  2.220446049250313E-016
  0.000000000000000E+000
  2.220446049250313E-016
  0.000000000000000E+000
  4.440892098500626E-016
  0.000000000000000E+000
   1.13614178053980     
  0.000000000000000E+000
  8.881784197001252E-016
  4.440892098500626E-016
  1.332267629550188E-015
  2.220446049250313E-016
  1.110223024625157E-015
  0.000000000000000E+000
 -2.220446049250313E-016
  0.000000000000000E+000
  8.881784197001252E-016
  0.000000000000000E+000
  0.000000000000000E+000
  0.000000000000000E+000
  8.881784197001252E-016
 -2.220446049250313E-016
 -4.004429538900883E-002
  8.881784197001252E-016
  0.000000000000000E+000
 -4.440892098500626E-016
  1.110223024625157E-016
  2.220446049250313E-016
  3.330669073875470E-016
  8.881784197001252E-016
  2.220446049250313E-016
  6.661338147750939E-016
  0.647398911744209     
  4.440892098500626E-016
  0.000000000000000E+000
  0.000000000000000E+000
  4.440892098500626E-016
  5.551115123125783E-017
  0.000000000000000E+000
  0.000000000000000E+000
  6.661338147750939E-016
  4.440892098500626E-016
  0.000000000000000E+000
  1.332267629550188E-015
  6.661338147750939E-016
 -4.440892098500626E-016
  2.220446049250313E-016
 -0.504739510977821     
  0.000000000000000E+000
  4.440892098500626E-016
  0.000000000000000E+000
  0.000000000000000E+000
  8.881784197001252E-016
  0.000000000000000E+000
  0.000000000000000E+000
  8.881784197001252E-016
 -1.110223024625157E-016
  2.220446049250313E-016
  4.440892098500626E-016
  0.000000000000000E+000
 -6.409963843013237E-002
 -4.440892098500626E-016
  4.440892098500626E-016
  0.000000000000000E+000
  2.220446049250313E-016
  0.326630000000001     
 -4.440892098500626E-016
  8.881784197001252E-016
  4.440892098500626E-016
  2.220446049250313E-016
  4.440892098500626E-016
  4.440892098500626E-016
  2.220446049250313E-016
  5.551115123125783E-017
  8.881784197001252E-016
  4.440892098500626E-016
  3.330669073875470E-016
  0.000000000000000E+000
  0.000000000000000E+000
  0.000000000000000E+000
  4.440892098500626E-016
  0.000000000000000E+000
  0.000000000000000E+000
  4.440892098500626E-016
  0.000000000000000E+000
  0.000000000000000E+000
  0.000000000000000E+000
  0.000000000000000E+000
  0.000000000000000E+000
  0.000000000000000E+000
  1.110223024625157E-016
  0.000000000000000E+000
  8.881784197001252E-016
  6.661338147750939E-016
  0.000000000000000E+000
  0.000000000000000E+000
  1.110223024625157E-016
  1.110223024625157E-016
  4.440892098500626E-016
  8.881784197001252E-016
  6.212995497375595E-002
  2.220446049250313E-016
  1.110223024625157E-016
  1.872776279646219E-011
 -7.964923476707972E-012
 -4.354479949971244E-012
  1.517408199308379E-011
 -6.918956536379371E-010
  3.538745437658750E-009
 -6.305540292921179E-012
  4.655269563745198E-012
  9.268890309735326E-012
  1.763625950303909E-011
 -1.446733002511537E-011
