  2.093908462286667E-012
  6.021464516225869E-012
 -1.980689643991545E-012
  2.377460131193332E-013
  1.406776838020840E-010
 -8.453234153332193E-011
  8.520311044921189E-013
  1.861848779766187E-011
  3.680991772985988E-012
 -1.145861938591731E-012
  1.455771332369084E-010
 -9.378468016674981E-011
  3.507631365394868E-012
 -8.563471447426285E-013
  9.896449578875065E-013
 -1.570551330680425E-012
  1.396649182131440E-010
 -8.796795034902741E-011
  7.056707144171770E-011
 -8.645273995536618E-012
  3.974155585000762E-012
  2.631822453875782E-012
  1.311359280584695E-010
 -1.154590749534457E-010
  1.028216183950044E-010
 -7.755908759295897E-012
  5.601642433310626E-012
  7.939354451669298E-012
  2.139883363487186E-010
 -9.278848317907128E-011
 -2.195724898599094E-008
  2.825046596019294E-009
  7.514917063134629E-010
  9.726953655693024E-010
 -1.962606545025444E-012
  5.010420228402781E-012
  1.256177096166389E-007
 -5.974137275078992E-009
 -8.342537268331050E-010
 -4.491033908412718E-009
 -2.907987283223514E-012
  7.240871801314161E-012
  2.388722668009868E-006
 -4.501573209096542E-008
 -3.878006922693202E-008
 -2.499367416088585E-008
 -9.422602641596893E-012
  3.719900567397785E-010
  3.000387795839502E-012
 -6.528561584741725E-012
  5.432756382119071E-013
  2.573819867009099E-012
  1.405618955625444E-010
 -9.047915337645177E-011
  6.239110177285116E-016
  2.998086151981703E-010
 -1.137307415558221E-007
  0.000000000000000E+000
  4.440892098500626E-014
  8.881784197001252E-014
  4.440892098500626E-014
  8.881784197001252E-014
  4.440892098500626E-014
  0.000000000000000E+000
  1.110223024625157E-014
  2.220446049250313E-014
  2.220446049250313E-014
  2.220446049250313E-014
  8.881784197001252E-014
  4.440892098500626E-014
  2.220446049250313E-014
  2.220446049250313E-014
 -5.732925967449260E-004
  0.125877257564517     
 -7.529621481079947E-002
 -6.398902492449451E-002
 -6.209193660665729E-002
  4.440892098500626E-014
  4.440892098500626E-014
  1.332267629550188E-013
  0.000000000000000E+000
  1.110223024625157E-014
  8.881784197001252E-014
  4.440892098500626E-014
  4.440892098500626E-014
  4.440892098500626E-014
  0.000000000000000E+000
  2.220446049250313E-014
  4.440892098500626E-014
  4.440892098500626E-014
  0.419774476236491     
  1.776356839400250E-013
 -4.440892098500626E-014
  0.000000000000000E+000
  4.440892098500626E-014
  0.000000000000000E+000
  2.220446049250313E-014
  8.881784197001252E-014
 -4.440892098500626E-014
  0.000000000000000E+000
 -0.400685138878948     
  8.881784197001252E-014
  2.220446049250313E-014
  4.440892098500626E-014
  8.881784197001252E-014
  2.220446049250313E-014
  4.440892098500626E-014
  4.440892098500626E-014
  2.220446049250313E-014
  0.000000000000000E+000
  6.661338147750939E-014
  2.220446049250313E-014
  4.440892098500626E-014
  2.220446049250313E-014
 -0.100464559783648     
  0.000000000000000E+000
  0.000000000000000E+000
 -0.340729753283487     
  8.881784197001252E-014
  2.220446049250313E-014
  2.220446049250313E-014
  4.440892098500626E-014
  4.440892098500626E-014
 -8.881784197001252E-014
 -0.135112108537301     
  0.000000000000000E+000
  8.881784197001252E-014
  0.000000000000000E+000
  4.440892098500626E-014
  4.440892098500626E-014
  2.220446049250313E-014
  1.332267629550188E-013
  1.332267629550188E-013
  2.220446049250313E-014
 -0.309789375231106     
  0.000000000000000E+000
  8.881784197001252E-014
  2.220446049250313E-014
 -4.440892098500626E-014
   1.66225609911702     
  0.000000000000000E+000
  0.000000000000000E+000
  3.330669073875470E-014
  1.495410773397930E-007
  4.440892098500626E-014
  6.661338147750939E-014
  8.881784197001252E-014
  2.220446049250313E-014
  1.110223024625157E-014
 -1.110223024625157E-014
  0.000000000000000E+000
 -0.672214411231235     
  0.000000000000000E+000
 -0.868271065519440     
  1.332267629550188E-013
  8.881784197001252E-014
  4.440892098500626E-014
  3.330669073875470E-014
  4.440892098500626E-014
  4.440892098500626E-014
  4.440892098500626E-014
  2.220446049250313E-014
  4.440892098500626E-014
  4.440892098500626E-014
  0.000000000000000E+000
  1.776356839400250E-013
  1.776356839400250E-013
  6.661338147750939E-014
  6.661338147750939E-014
  8.881784197001252E-014
  0.000000000000000E+000
  0.000000000000000E+000
  0.000000000000000E+000
  0.000000000000000E+000
  4.440892098500626E-014
  8.881784197001252E-014
  4.440892098500626E-014
  2.220446049250313E-014
  4.440892098500626E-014
 -0.424074212427075     
  4.440892098500626E-014
  0.210361794817410     
  8.881784197001252E-014
  2.220446049250313E-014
  0.000000000000000E+000
  8.881784197001252E-014
 -1.110223024625157E-014
  4.440892098500626E-014
  0.287213596121105     
  2.220446049250313E-014
  8.881784197001252E-014
  0.000000000000000E+000
  2.220446049250313E-014
  2.664535259100376E-013
  2.220446049250313E-014
  6.661338147750939E-014
  4.440892098500626E-014
  8.881784197001252E-014
  0.000000000000000E+000
  2.220446049250313E-014
  6.661338147750939E-014
 -2.220446049250313E-014
  0.000000000000000E+000
  0.201435463026943     
  0.212527997867602     
  3.330669073875470E-014
  8.881784197001252E-014
  8.881784197001252E-014
 -1.110223024625157E-014
 -0.442851166412906     
  4.440892098500626E-014
  0.000000000000000E+000
  4.440892098500626E-014
  5.551115123125783E-015
  3.330669073875470E-014
  0.000000000000000E+000
  0.000000000000000E+000
 -0.800136062939031     
  5.551115123125783E-015
  4.440892098500626E-014
  4.440892098500626E-014
  4.440892098500626E-014
  0.000000000000000E+000
 -4.440892098500626E-014
 -4.440892098500626E-014
  4.440892098500626E-014
  4.440892098500626E-014
  4.440892098500626E-014
  0.506071369904727     
  0.000000000000000E+000
  4.440892098500626E-014
  1.110223024625157E-014
  4.440892098500626E-014
  0.000000000000000E+000
  4.440892098500626E-014
  0.651215955575035     
  4.440892098500626E-014
 -4.440892098500626E-014
  2.220446049250313E-014
 -4.440892098500626E-014
  0.842119153190307     
 -1.110223024625157E-014
 -8.881784197001252E-014
  2.220446049250313E-014
 -4.440892098500626E-014
  0.000000000000000E+000
  0.000000000000000E+000
  4.440892098500626E-014
  8.881784197001252E-014
  2.220446049250313E-014
  2.220446049250313E-014
  2.220446049250313E-014
 -4.440892098500626E-014
  8.881784197001252E-014
  8.881784197001252E-014
  2.220446049250313E-014
  4.440892098500626E-014
 -4.440892098500626E-014
  0.000000000000000E+000
  0.152354543970269     
  1.110223024625157E-014
  2.220446049250313E-014
  4.440892098500626E-014
  4.440892098500626E-014
  4.440892098500626E-014
  0.000000000000000E+000
  0.000000000000000E+000
  6.661338147750939E-014
  8.881784197001252E-014
  4.440892098500626E-014
  6.661338147750939E-014
  1.110223024625157E-014
 -1.110223024625157E-014
  4.440892098500626E-014
  4.440892098500626E-014
  0.000000000000000E+000
  6.661338147750939E-014
  2.220446049250313E-014
  8.881784197001252E-014
 -0.147992789921080     
  0.000000000000000E+000
  4.440892098500626E-014
 -2.220446049250313E-014
  0.146270369981740     
  4.595178131973193E-002
  0.000000000000000E+000
  8.881784197001252E-014
  8.881784197001252E-014
  6.661338147750939E-014
 -2.220446049250313E-014
  0.000000000000000E+000
  1.332267629550188E-013
  4.440892098500626E-014
 -2.220446049250313E-014
  2.220446049250313E-014
  1.776356839400250E-013
  4.440892098500626E-014
 -4.440892098500626E-014
  2.220446049250313E-014
  0.000000000000000E+000
  2.220446049250313E-014
  0.000000000000000E+000
  4.440892098500626E-014
  0.000000000000000E+000
   1.20500489015662     
  0.000000000000000E+000
  8.881784197001252E-014
  4.440892098500626E-014
  1.332267629550188E-013
  2.220446049250313E-014
  1.110223024625157E-013
  0.000000000000000E+000
 -2.220446049250313E-014
  0.000000000000000E+000
  8.881784197001252E-014
  0.000000000000000E+000
  0.000000000000000E+000
  0.000000000000000E+000
  8.881784197001252E-014
 -2.220446049250313E-014
 -4.717541642062095E-002
  8.881784197001252E-014
  0.000000000000000E+000
 -4.440892098500626E-014
  1.110223024625157E-014
  2.220446049250313E-014
  3.330669073875470E-014
  8.881784197001252E-014
  2.220446049250313E-014
  6.661338147750939E-014
  2.220446049250313E-014
  4.440892098500626E-014
  0.000000000000000E+000
  0.000000000000000E+000
  4.440892098500626E-014
  5.551115123125783E-015
  0.000000000000000E+000
  0.000000000000000E+000
  6.661338147750939E-014
  4.440892098500626E-014
  0.000000000000000E+000
  1.332267629550188E-013
  6.661338147750939E-014
 -4.440892098500626E-014
  2.220446049250313E-014
 -0.612544827325848     
  0.000000000000000E+000
  4.440892098500626E-014
  0.000000000000000E+000
  0.000000000000000E+000
  8.881784197001252E-014
  0.000000000000000E+000
  0.000000000000000E+000
  8.881784197001252E-014
 -1.110223024625157E-014
  2.220446049250313E-014
  4.440892098500626E-014
  0.000000000000000E+000
 -8.794920278131188E-002
 -4.440892098500626E-014
  4.440892098500626E-014
  0.000000000000000E+000
  2.220446049250313E-014
   2.46755664180811     
 -4.440892098500626E-014
  8.881784197001252E-014
  4.440892098500626E-014
  2.220446049250313E-014
  4.440892098500626E-014
  4.440892098500626E-014
  2.220446049250313E-014
  5.551115123125783E-015
  8.881784197001252E-014
  4.440892098500626E-014
  3.330669073875470E-014
  0.000000000000000E+000
  0.000000000000000E+000
  0.000000000000000E+000
  4.440892098500626E-014
  0.382753781642822     
  0.000000000000000E+000
  4.440892098500626E-014
  0.000000000000000E+000
  0.000000000000000E+000
  0.000000000000000E+000
  0.000000000000000E+000
  0.000000000000000E+000
  0.000000000000000E+000
  1.110223024625157E-014
  0.000000000000000E+000
  8.881784197001252E-014
  6.661338147750939E-014
  0.000000000000000E+000
  0.000000000000000E+000
  1.110223024625157E-014
  1.110223024625157E-014
  4.440892098500626E-014
  8.881784197001252E-014
  0.239311925449385     
  2.220446049250313E-014
  1.110223024625157E-014
  1.864194754058210E-011
 -8.010080696988159E-012
 -4.399722221750812E-012
  1.522898207862304E-011
 -6.930088337038660E-010
  3.540334489529403E-009
 -6.349256508482824E-012
  4.660098703381385E-012
  9.283959257098527E-012
  1.759466004973619E-011
 -1.438746651626950E-011
